<?xml version="1.0" encoding="UTF-8"?>
<!-- Generated by org.testng.reporters.JUnitReportReporter -->
<testsuite hostname="DESKTOP-V7MD7M7" failures="0" tests="2" name="TestPackage.LoginTestCase" time="23.679" errors="0" timestamp="2023-08-01T15:41:10 IST" skipped="0">
  <testcase classname="TestPackage.LoginTestCase" name="inValidLoginMethod" time="21.383"/>
  <testcase classname="TestPackage.LoginTestCase" name="ValidloginMethod" time="2.296"/>
</testsuite> <!-- TestPackage.LoginTestCase -->
