<?xml version="1.0" encoding="UTF-8"?>
<!-- Generated by org.testng.reporters.JUnitReportReporter -->
<testsuite hostname="DESKTOP-V7MD7M7" failures="0" tests="1" name="click" time="8.413" errors="0" timestamp="2024-10-11T13:50:50 IST" skipped="0">
  <testcase classname="click" name="clickmethod" time="8.413"/>
</testsuite> <!-- click -->
