<?xml version="1.0" encoding="UTF-8"?>
<!-- Generated by org.testng.reporters.JUnitReportReporter -->
<testsuite hostname="DESKTOP-V7MD7M7" failures="0" tests="5" name="testNGAnnotations_Flags.actiTimeDataProvider" time="13.189" errors="0" timestamp="2023-07-27T15:12:49 IST" skipped="0">
  <testcase classname="testNGAnnotations_Flags.actiTimeDataProvider" name="invalidLoginMethod" time="2.098"/>
  <testcase classname="testNGAnnotations_Flags.actiTimeDataProvider" name="invalidLoginMethod" time="2.124"/>
  <testcase classname="testNGAnnotations_Flags.actiTimeDataProvider" name="invalidLoginMethod" time="2.324"/>
  <testcase classname="testNGAnnotations_Flags.actiTimeDataProvider" name="invalidLoginMethod" time="2.006"/>
  <testcase classname="testNGAnnotations_Flags.actiTimeDataProvider" name="invalidLoginMethod" time="4.637"/>
</testsuite> <!-- testNGAnnotations_Flags.actiTimeDataProvider -->
