<?xml version="1.0" encoding="UTF-8"?>
<!-- Generated by org.testng.reporters.JUnitReportReporter -->
<testsuite hostname="DESKTOP-V7MD7M7" failures="0" tests="1" name="TestNGPackage.Sumo" time="0.014" errors="0" timestamp="2023-07-17T11:12:27 IST" skipped="0">
  <testcase classname="TestNGPackage.Sumo" name="f" time="0.014">
    <system-out>
      <![CDATA[This Is a TestNG Sumo class!!]]>
    </system-out>
  </testcase> <!-- f -->
  <system-out>
    <![CDATA[This Is a TestNG Sumo class!!]]>
  </system-out>
</testsuite> <!-- TestNGPackage.Sumo -->
