<?xml version="1.0" encoding="UTF-8"?>
<!-- Generated by org.testng.reporters.JUnitReportReporter -->
<testsuite hostname="DESKTOP-V7MD7M7" failures="0" tests="5" name="testNGAnnotations_Flags.actiTimeDataProvider" time="11.630" errors="0" timestamp="2024-05-24T12:12:27 IST" skipped="0">
  <testcase classname="testNGAnnotations_Flags.actiTimeDataProvider" name="invalidLoginMethod" time="1.885"/>
  <testcase classname="testNGAnnotations_Flags.actiTimeDataProvider" name="invalidLoginMethod" time="2.023"/>
  <testcase classname="testNGAnnotations_Flags.actiTimeDataProvider" name="invalidLoginMethod" time="2.188"/>
  <testcase classname="testNGAnnotations_Flags.actiTimeDataProvider" name="invalidLoginMethod" time="3.529"/>
  <testcase classname="testNGAnnotations_Flags.actiTimeDataProvider" name="invalidLoginMethod" time="2.005"/>
</testsuite> <!-- testNGAnnotations_Flags.actiTimeDataProvider -->
