<?xml version="1.0" encoding="UTF-8"?>
<!-- Generated by org.testng.reporters.JUnitReportReporter -->
<testsuite hostname="DESKTOP-V7MD7M7" failures="0" tests="4" name="WebsiteTestingDay6.TestScript06" time="54.880" errors="0" timestamp="2024-12-16T17:44:44 IST" skipped="0">
  <testcase classname="WebsiteTestingDay6.TestScript06" name="testLogin" time="15.365"/>
  <testcase classname="WebsiteTestingDay6.TestScript06" name="testLogin" time="12.454"/>
  <testcase classname="WebsiteTestingDay6.TestScript06" name="testLogin" time="13.280"/>
  <testcase classname="WebsiteTestingDay6.TestScript06" name="testLogin" time="13.781"/>
</testsuite> <!-- WebsiteTestingDay6.TestScript06 -->
