<?xml version="1.0" encoding="UTF-8"?>
<!-- Generated by org.testng.reporters.JUnitReportReporter -->
<testsuite hostname="DESKTOP-V7MD7M7" failures="0" tests="1" name="captureScreenshot" time="4.741" errors="0" timestamp="2024-10-16T12:53:49 IST" skipped="0">
  <testcase classname="captureScreenshot" name="Capturing_Screenshot" time="4.741"/>
</testsuite> <!-- captureScreenshot -->
