<?xml version="1.0" encoding="UTF-8"?>
<!-- Generated by org.testng.reporters.JUnitReportReporter -->
<testsuite hostname="DESKTOP-V7MD7M7" failures="0" tests="1" name="testExecution.Test2" time="19.056" errors="0" timestamp="2023-07-17T15:42:04 IST" skipped="0">
  <testcase classname="testExecution.Test2" name="test2method" time="19.056"/>
</testsuite> <!-- testExecution.Test2 -->
