<?xml version="1.0" encoding="UTF-8"?>
<!-- Generated by org.testng.reporters.JUnitReportReporter -->
<testsuite hostname="DESKTOP-V7MD7M7" failures="0" tests="2" name="testNGAnnotations_Flags.AnnotationsClass" time="0.027" errors="0" timestamp="2023-07-20T14:21:19 IST" skipped="0">
  <testcase classname="testNGAnnotations_Flags.AnnotationsClass" name="method10" time="0.005">
    <system-out>
      <![CDATA[TestAnnotation2]]>
    </system-out>
  </testcase> <!-- method10 -->
  <testcase classname="testNGAnnotations_Flags.AnnotationsClass" name="method1" time="0.022">
    <system-out>
      <![CDATA[TestAnnotation]]>
    </system-out>
  </testcase> <!-- method1 -->
  <system-out>
    <![CDATA[BeforeSuiteMethodAnnotation
BeforeTestMethodAnnotation
BeforeClassMethodAnnotation
BeforeMethodAnnotation
TestAnnotation
AfterMethodAnnotation
BeforeMethodAnnotation
TestAnnotation2
AfterMethodAnnotation
AfterClassMethodAnnotation
AfterTestMethodAnnotation
AfterSuiteMethodAnnotation]]>
  </system-out>
</testsuite> <!-- testNGAnnotations_Flags.AnnotationsClass -->
