<?xml version="1.0" encoding="UTF-8"?>
<!-- Generated by org.testng.reporters.JUnitReportReporter -->
<testsuite hostname="DESKTOP-V7MD7M7" failures="0" tests="1" name="TestNGPackage.Remo" time="0.016" errors="0" timestamp="2023-07-17T11:11:13 IST" skipped="0">
  <testcase classname="TestNGPackage.Remo" name="f" time="0.016">
    <system-out>
      <![CDATA[This Is a TestNG Remo class!!]]>
    </system-out>
  </testcase> <!-- f -->
  <system-out>
    <![CDATA[This Is a TestNG Remo class!!]]>
  </system-out>
</testsuite> <!-- TestNGPackage.Remo -->
