<?xml version="1.0" encoding="UTF-8"?>
<!-- Generated by org.testng.reporters.JUnitReportReporter -->
<testsuite hostname="DESKTOP-V7MD7M7" failures="0" tests="1" name="TestNGPackage.Sumo" time="12.735" errors="0" timestamp="2023-07-17T14:29:44 IST" skipped="0">
  <testcase classname="TestNGPackage.Sumo" name="method3" time="12.735">
    <system-out>
      <![CDATA[This Is a TestNG Sumo class!!]]>
    </system-out>
  </testcase> <!-- method3 -->
  <system-out>
    <![CDATA[This Is a TestNG Demo class!!
This Is a TestNG Remo class!!
This Is a TestNG Sumo class!!]]>
  </system-out>
</testsuite> <!-- TestNGPackage.Sumo -->
