<?xml version="1.0" encoding="UTF-8"?>
<!-- Generated by org.testng.reporters.JUnitReportReporter -->
<testsuite hostname="DESKTOP-V7MD7M7" failures="0" tests="8" name="testNGAnnotations_Flags.Flag4" time="0.050" errors="0" timestamp="2023-07-22T14:46:19 IST" skipped="0">
  <testcase classname="testNGAnnotations_Flags.Flag4" name="f" time="0.003"/>
  <testcase classname="testNGAnnotations_Flags.Flag4" name="d" time="0.012"/>
  <testcase classname="testNGAnnotations_Flags.Flag4" name="e" time="0.008"/>
  <testcase classname="testNGAnnotations_Flags.Flag4" name="i" time="0.003"/>
  <testcase classname="testNGAnnotations_Flags.Flag4" name="p" time="0.006"/>
  <testcase classname="testNGAnnotations_Flags.Flag4" name="k" time="0.003"/>
  <testcase classname="testNGAnnotations_Flags.Flag4" name="m" time="0.011"/>
  <testcase classname="testNGAnnotations_Flags.Flag4" name="z" time="0.004"/>
</testsuite> <!-- testNGAnnotations_Flags.Flag4 -->
