<?xml version="1.0" encoding="UTF-8"?>
<!-- Generated by org.testng.reporters.JUnitReportReporter -->
<testsuite hostname="DESKTOP-V7MD7M7" failures="0" tests="2" name="TestNGPack2.Demo2" time="0.021" errors="0" timestamp="2023-07-17T15:11:12 IST" skipped="0">
  <testcase classname="TestNGPack2.Demo2" name="method3" time="0.014">
    <system-out>
      <![CDATA[This is TestNG method3]]>
    </system-out>
  </testcase> <!-- method3 -->
  <testcase classname="TestNGPack2.Demo2" name="method4" time="0.007">
    <system-out>
      <![CDATA[This is TestNG method4]]>
    </system-out>
  </testcase> <!-- method4 -->
  <system-out>
    <![CDATA[This is TestNG method3
This is TestNG method4
This is TestNG method1
This is TestNG method2
This is TestNG method5
This is TestNG method6]]>
  </system-out>
</testsuite> <!-- TestNGPack2.Demo2 -->
