<?xml version="1.0" encoding="UTF-8"?>
<!-- Generated by org.testng.reporters.JUnitReportReporter -->
<testsuite hostname="DESKTOP-V7MD7M7" failures="0" tests="1" name="TestNGPackage.Demo" time="0.017" errors="0" timestamp="2023-07-17T11:09:42 IST" skipped="0">
  <testcase classname="TestNGPackage.Demo" name="f" time="0.017">
    <system-out>
      <![CDATA[This Is a TestNG Demo class!!]]>
    </system-out>
  </testcase> <!-- f -->
  <system-out>
    <![CDATA[This Is a TestNG Demo class!!]]>
  </system-out>
</testsuite> <!-- TestNGPackage.Demo -->
