<?xml version="1.0" encoding="UTF-8"?>
<!-- Generated by org.testng.reporters.JUnitReportReporter -->
<testsuite hostname="DESKTOP-V7MD7M7" failures="0" tests="2" name="testNGAnnotations_Flags.Flag2" time="0.016" errors="0" timestamp="2023-07-20T15:27:49 IST" skipped="0">
  <testcase classname="testNGAnnotations_Flags.Flag2" name="method1" time="0.014">
    <system-out>
      <![CDATA[Method1 from flag2]]>
    </system-out>
  </testcase> <!-- method1 -->
  <testcase classname="testNGAnnotations_Flags.Flag2" name="method2" time="0.002">
    <system-out>
      <![CDATA[Method2 from flag2]]>
    </system-out>
  </testcase> <!-- method2 -->
  <system-out>
    <![CDATA[Method1 from flag2
Method2 from flag2]]>
  </system-out>
</testsuite> <!-- testNGAnnotations_Flags.Flag2 -->
