<?xml version="1.0" encoding="UTF-8"?>
<!-- Generated by org.testng.reporters.JUnitReportReporter -->
<testsuite hostname="DESKTOP-V7MD7M7" failures="0" tests="1" name="eCommerceLive.TestCase3" time="14.270" errors="0" timestamp="2024-12-19T23:17:59 IST" skipped="0">
  <testcase classname="eCommerceLive.TestCase3" name="testTestCase3" time="14.270"/>
</testsuite> <!-- eCommerceLive.TestCase3 -->
