<?xml version="1.0" encoding="UTF-8"?>
<!-- Generated by org.testng.reporters.JUnitReportReporter -->
<testsuite hostname="DESKTOP-V7MD7M7" failures="0" tests="1" name="testExecution.Test1" time="17.894" errors="0" timestamp="2023-07-17T15:42:04 IST" skipped="0">
  <testcase classname="testExecution.Test1" name="test1method" time="17.894"/>
</testsuite> <!-- testExecution.Test1 -->
