<?xml version="1.0" encoding="UTF-8"?>
<!-- Generated by org.testng.reporters.JUnitReportReporter -->
<testsuite hostname="DESKTOP-V7MD7M7" failures="0" tests="2" name="TestNGPack2.Demo1" time="0.038" errors="0" timestamp="2024-10-04T12:03:05 IST" skipped="0">
  <testcase classname="TestNGPack2.Demo1" name="method1" time="0.033">
    <system-out>
      <![CDATA[This is TestNG method1]]>
    </system-out>
  </testcase> <!-- method1 -->
  <testcase classname="TestNGPack2.Demo1" name="method2" time="0.005">
    <system-out>
      <![CDATA[This is TestNG method2]]>
    </system-out>
  </testcase> <!-- method2 -->
  <system-out>
    <![CDATA[This is TestNG method1
This is TestNG method2]]>
  </system-out>
</testsuite> <!-- TestNGPack2.Demo1 -->
