<?xml version="1.0" encoding="UTF-8"?>
<!-- Generated by org.testng.reporters.JUnitReportReporter -->
<testsuite hostname="DESKTOP-V7MD7M7" failures="0" tests="1" name="eCommerceLive.TestCase1" time="12.124" errors="0" timestamp="2024-12-19T20:28:02 IST" skipped="0">
  <testcase classname="eCommerceLive.TestCase1" name="testDay1TestCase1" time="12.124"/>
</testsuite> <!-- eCommerceLive.TestCase1 -->
