<?xml version="1.0" encoding="UTF-8"?>
<!-- Generated by org.testng.reporters.JUnitReportReporter -->
<testsuite hostname="DESKTOP-V7MD7M7" failures="0" tests="1" name="TestNGPackage.Demo" time="12.466" errors="0" timestamp="2023-07-17T14:29:44 IST" skipped="0">
  <testcase classname="TestNGPackage.Demo" name="method1" time="12.466">
    <system-out>
      <![CDATA[This Is a TestNG Demo class!!]]>
    </system-out>
  </testcase> <!-- method1 -->
  <system-out>
    <![CDATA[This Is a TestNG Demo class!!
This Is a TestNG Remo class!!
This Is a TestNG Sumo class!!]]>
  </system-out>
</testsuite> <!-- TestNGPackage.Demo -->
