<?xml version="1.0" encoding="UTF-8"?>
<!-- Generated by org.testng.reporters.JUnitReportReporter -->
<testsuite hostname="DESKTOP-V7MD7M7" failures="0" tests="4" name="TestingWebUrl.WebApplicationTesting" time="41.104" errors="0" timestamp="2024-12-30T17:40:14 IST" skipped="0">
  <testcase classname="TestingWebUrl.WebApplicationTesting" name="testInvalidUsername" time="6.292"/>
  <testcase classname="TestingWebUrl.WebApplicationTesting" name="testInvalidPassword" time="6.327"/>
  <testcase classname="TestingWebUrl.WebApplicationTesting" name="testInvalidUsernameAndPassword" time="6.902"/>
  <testcase classname="TestingWebUrl.WebApplicationTesting" name="testLogin" time="21.583"/>
</testsuite> <!-- TestingWebUrl.WebApplicationTesting -->
