<?xml version="1.0" encoding="UTF-8"?>
<!-- Generated by org.testng.reporters.JUnitReportReporter -->
<testsuite hostname="DESKTOP-V7MD7M7" failures="0" tests="2" name="TestNGPack2.Demo3" time="0.006" errors="0" timestamp="2023-07-17T15:11:12 IST" skipped="0">
  <testcase classname="TestNGPack2.Demo3" name="method5" time="0.003">
    <system-out>
      <![CDATA[This is TestNG method5]]>
    </system-out>
  </testcase> <!-- method5 -->
  <testcase classname="TestNGPack2.Demo3" name="method6" time="0.003">
    <system-out>
      <![CDATA[This is TestNG method6]]>
    </system-out>
  </testcase> <!-- method6 -->
  <system-out>
    <![CDATA[This is TestNG method3
This is TestNG method4
This is TestNG method1
This is TestNG method2
This is TestNG method5
This is TestNG method6]]>
  </system-out>
</testsuite> <!-- TestNGPack2.Demo3 -->
