<?xml version="1.0" encoding="UTF-8"?>
<!-- Generated by org.testng.reporters.JUnitReportReporter -->
<testsuite hostname="DESKTOP-V7MD7M7" failures="0" tests="1" name="testNGAnnotations_Flags.Flag1" time="0.013" errors="0" timestamp="2024-05-24T12:13:18 IST" skipped="0">
  <testcase classname="testNGAnnotations_Flags.Flag1" name="method1" time="0.013">
    <system-out>
      <![CDATA[method1 from flag1]]>
    </system-out>
  </testcase> <!-- method1 -->
  <system-out>
    <![CDATA[method1 from flag1]]>
  </system-out>
</testsuite> <!-- testNGAnnotations_Flags.Flag1 -->
