<?xml version="1.0" encoding="UTF-8"?>
<!-- Generated by org.testng.reporters.JUnitReportReporter -->
<testsuite hostname="DESKTOP-V7MD7M7" failures="0" tests="6" name="testNGAnnotations_Flags.Flag6" time="0.027" errors="0" timestamp="2023-07-22T15:35:01 IST" skipped="0">
  <testcase classname="testNGAnnotations_Flags.Flag6" name="st6" time="0.002">
    <system-out>
      <![CDATA[STC6]]>
    </system-out>
  </testcase> <!-- st6 -->
  <testcase classname="testNGAnnotations_Flags.Flag6" name="st4" time="0.002">
    <system-out>
      <![CDATA[STC4]]>
    </system-out>
  </testcase> <!-- st4 -->
  <testcase classname="testNGAnnotations_Flags.Flag6" name="st5" time="0.002">
    <system-out>
      <![CDATA[STC5]]>
    </system-out>
  </testcase> <!-- st5 -->
  <testcase classname="testNGAnnotations_Flags.Flag6" name="st2" time="0.003">
    <system-out>
      <![CDATA[STC2]]>
    </system-out>
  </testcase> <!-- st2 -->
  <testcase classname="testNGAnnotations_Flags.Flag6" name="st1" time="0.016">
    <system-out>
      <![CDATA[STC1]]>
    </system-out>
  </testcase> <!-- st1 -->
  <testcase classname="testNGAnnotations_Flags.Flag6" name="st3" time="0.002">
    <system-out>
      <![CDATA[STC3]]>
    </system-out>
  </testcase> <!-- st3 -->
  <system-out>
    <![CDATA[STC1
STC2
STC3
STC4
STC5
STC6]]>
  </system-out>
</testsuite> <!-- testNGAnnotations_Flags.Flag6 -->
