<?xml version="1.0" encoding="UTF-8"?>
<!-- Generated by org.testng.reporters.JUnitReportReporter -->
<testsuite hostname="DESKTOP-V7MD7M7" failures="0" tests="1" name="eCommerceLive.TestCase2" time="14.158" errors="0" timestamp="2024-12-19T21:03:40 IST" skipped="0">
  <testcase classname="eCommerceLive.TestCase2" name="testTestCase2" time="14.158"/>
</testsuite> <!-- eCommerceLive.TestCase2 -->
