<?xml version="1.0" encoding="UTF-8"?>
<!-- Generated by org.testng.reporters.JUnitReportReporter -->
<testsuite hostname="DESKTOP-V7MD7M7" failures="0" tests="1" name="TestNGPackage.Remo" time="8.508" errors="0" timestamp="2023-07-17T14:29:44 IST" skipped="0">
  <testcase classname="TestNGPackage.Remo" name="method2" time="8.508">
    <system-out>
      <![CDATA[This Is a TestNG Remo class!!]]>
    </system-out>
  </testcase> <!-- method2 -->
  <system-out>
    <![CDATA[This Is a TestNG Demo class!!
This Is a TestNG Remo class!!
This Is a TestNG Sumo class!!]]>
  </system-out>
</testsuite> <!-- TestNGPackage.Remo -->
