<?xml version="1.0" encoding="UTF-8"?>
<!-- Generated by org.testng.reporters.JUnitReportReporter -->
<testsuite hostname="DESKTOP-V7MD7M7" failures="0" tests="1" name="TestNGPackage.AsserstionInTestNG" time="5.491" errors="0" timestamp="2023-07-24T15:22:03 IST" skipped="0">
  <testcase classname="TestNGPackage.AsserstionInTestNG" name="validationMethod" time="5.491"/>
</testsuite> <!-- TestNGPackage.AsserstionInTestNG -->
