<?xml version="1.0" encoding="UTF-8"?>
<!-- Generated by org.testng.reporters.JUnitReportReporter -->
<testsuite hostname="DESKTOP-V7MD7M7" failures="0" tests="3" name="testNGAnnotations_Flags.Flag5" time="0.032" errors="0" timestamp="2023-07-22T15:08:29 IST" skipped="0">
  <testcase classname="testNGAnnotations_Flags.Flag5" name="logoutMethod" time="0.010"/>
  <testcase classname="testNGAnnotations_Flags.Flag5" name="createUserMethod" time="0.003"/>
  <testcase classname="testNGAnnotations_Flags.Flag5" name="loginMethod" time="0.019"/>
</testsuite> <!-- testNGAnnotations_Flags.Flag5 -->
