<?xml version="1.0" encoding="UTF-8"?>
<!-- Generated by org.testng.reporters.JUnitReportReporter -->
<testsuite hostname="DESKTOP-V7MD7M7" failures="0" tests="3" name="testNGAnnotations_Flags.GoogleSearchTestCase" time="26.710" errors="0" timestamp="2023-07-20T15:02:20 IST" skipped="0">
  <testcase classname="testNGAnnotations_Flags.GoogleSearchTestCase" name="search3" time="6.615"/>
  <testcase classname="testNGAnnotations_Flags.GoogleSearchTestCase" name="search2" time="6.978"/>
  <testcase classname="testNGAnnotations_Flags.GoogleSearchTestCase" name="search1" time="13.117"/>
</testsuite> <!-- testNGAnnotations_Flags.GoogleSearchTestCase -->
