<?xml version="1.0" encoding="UTF-8"?>
<!-- Generated by org.testng.reporters.JUnitReportReporter -->
<testsuite hostname="DESKTOP-V7MD7M7" failures="0" tests="1" name="qsp.demo" time="0.016" errors="0" timestamp="2023-07-28T15:39:45 IST" skipped="0">
  <testcase classname="qsp.demo" name="s" time="0.016">
    <system-out>
      <![CDATA[swapnil]]>
    </system-out>
  </testcase> <!-- s -->
  <system-out>
    <![CDATA[swapnil]]>
  </system-out>
</testsuite> <!-- qsp.demo -->
